  pl0.c
pl0.c(16): warning C4047: “初始化”:“int *”与“int (*)[10]”的间接级别不同
pl0.c(902): warning C4101: “i”: 未引用的局部变量
pl0.c(903): warning C4101: “set”: 未引用的局部变量
pl0.c(1094): warning C4101: “i”: 未引用的局部变量
pl0.c(1139): warning C4101: “cx2”: 未引用的局部变量
pl0.c(1139): warning C4101: “cx1”: 未引用的局部变量
pl0.c(1378): warning C4101: “left_instruction_len”: 未引用的局部变量
pl0.c(1378): warning C4101: “i”: 未引用的局部变量
pl0.c(1379): warning C4101: “cx1”: 未引用的局部变量
pl0.c(1654): warning C4018: “<”: 有符号/无符号不匹配
pl0.c(1658): warning C4018: “<”: 有符号/无符号不匹配
pl0.c(1662): warning C4018: “<”: 有符号/无符号不匹配
pl0.c(1666): warning C4018: “<”: 有符号/无符号不匹配
pl0.c(1485): warning C4101: “cx4”: 未引用的局部变量
pl0.c(1485): warning C4101: “cx3”: 未引用的局部变量
pl0.c(2330): warning C4013: “time”未定义；假设外部返回 int
  正在生成代码
  12 of 53 functions (22.6%) were compiled, the rest were copied from previous compilation.
    0 functions were new in current compilation
    17 functions had inline decision re-evaluated but remain unchanged
  已完成代码的生成
  PL0_ZF.vcxproj -> D:\MyDoc\SchoolCourses\3_编译原理\pl0\PL0_ZF\Release\PL0_ZF.exe
